Using pre-set license
Built from '2022.3/release' branch; Version is '2022.3.12f1 (4fe6e059c7ef) revision 5236448'; Using compiler version '192829333'; Build Type 'Release'
OS: 'Windows 10  (10.0.19045) 64bit Professional' Language: 'es' Physical Memory: 14205 MB
BatchMode: 1, IsHumanControllingUs: 0, StartBugReporterOnCrash: 0, Is64bit: 1, IsPro: 1

COMMAND LINE ARGUMENTS:
C:\Program Files\Unity\Hub\Editor\2022.3.12f1\Editor\Unity.exe
-adb2
-batchMode
-noUpm
-name
AssetImportWorker0
-projectPath
E:/Unity Universidad/Nueva carpeta/Bear/bear
-logFile
Logs/AssetImportWorker0.log
-srvPort
51150
Successfully changed project path to: E:/Unity Universidad/Nueva carpeta/Bear/bear
E:/Unity Universidad/Nueva carpeta/Bear/bear
[UnityMemory] Configuration Parameters - Can be set up in boot.config
    "memorysetup-bucket-allocator-granularity=16"
    "memorysetup-bucket-allocator-bucket-count=8"
    "memorysetup-bucket-allocator-block-size=33554432"
    "memorysetup-bucket-allocator-block-count=8"
    "memorysetup-main-allocator-block-size=16777216"
    "memorysetup-thread-allocator-block-size=16777216"
    "memorysetup-gfx-main-allocator-block-size=16777216"
    "memorysetup-gfx-thread-allocator-block-size=16777216"
    "memorysetup-cache-allocator-block-size=4194304"
    "memorysetup-typetree-allocator-block-size=2097152"
    "memorysetup-profiler-bucket-allocator-granularity=16"
    "memorysetup-profiler-bucket-allocator-bucket-count=8"
    "memorysetup-profiler-bucket-allocator-block-size=33554432"
    "memorysetup-profiler-bucket-allocator-block-count=8"
    "memorysetup-profiler-allocator-block-size=16777216"
    "memorysetup-profiler-editor-allocator-block-size=1048576"
    "memorysetup-temp-allocator-size-main=16777216"
    "memorysetup-job-temp-allocator-block-size=2097152"
    "memorysetup-job-temp-allocator-block-size-background=1048576"
    "memorysetup-job-temp-allocator-reduction-small-platforms=262144"
    "memorysetup-allocator-temp-initial-block-size-main=262144"
    "memorysetup-allocator-temp-initial-block-size-worker=262144"
    "memorysetup-temp-allocator-size-background-worker=32768"
    "memorysetup-temp-allocator-size-job-worker=262144"
    "memorysetup-temp-allocator-size-preload-manager=33554432"
    "memorysetup-temp-allocator-size-nav-mesh-worker=65536"
    "memorysetup-temp-allocator-size-audio-worker=65536"
    "memorysetup-temp-allocator-size-cloud-worker=32768"
    "memorysetup-temp-allocator-size-gi-baking-worker=262144"
    "memorysetup-temp-allocator-size-gfx=262144"
Player connection [17332] Host "[IP] 192.168.0.27 [Port] 0 [Flags] 2 [Guid] 515947072 [EditorId] 515947072 [Version] 1048832 [Id] WindowsEditor(7,DESKTOP-J0UNMB7) [Debug] 1 [PackageName] WindowsEditor [ProjectName] Editor" joined multi-casting on [225.0.0.222:54997]...

Player connection [17332] Host "[IP] 192.168.0.27 [Port] 0 [Flags] 2 [Guid] 515947072 [EditorId] 515947072 [Version] 1048832 [Id] WindowsEditor(7,DESKTOP-J0UNMB7) [Debug] 1 [PackageName] WindowsEditor [ProjectName] Editor" joined alternative multi-casting on [225.0.0.222:34997]...

[Physics::Module] Initialized MultithreadedJobDispatcher with 11 workers.
Refreshing native plugins compatible for Editor in 4.76 ms, found 3 plugins.
Preloading 0 native plugins for Editor in 0.00 ms.
Initialize engine version: 2022.3.12f1 (4fe6e059c7ef)
[Subsystems] Discovering subsystems at path C:/Program Files/Unity/Hub/Editor/2022.3.12f1/Editor/Data/Resources/UnitySubsystems
[Subsystems] Discovering subsystems at path E:/Unity Universidad/Nueva carpeta/Bear/bear/Assets
GfxDevice: creating device client; threaded=0; jobified=0
Direct3D:
    Version:  Direct3D 11.0 [level 11.1]
    Renderer: AMD Radeon(TM) Graphics (ID=0x1638)
    Vendor:   ATI
    VRAM:     7102 MB
    Driver:   31.0.21912.14
Initialize mono
Mono path[0] = 'C:/Program Files/Unity/Hub/Editor/2022.3.12f1/Editor/Data/Managed'
Mono path[1] = 'C:/Program Files/Unity/Hub/Editor/2022.3.12f1/Editor/Data/MonoBleedingEdge/lib/mono/unityjit-win32'
Mono config path = 'C:/Program Files/Unity/Hub/Editor/2022.3.12f1/Editor/Data/MonoBleedingEdge/etc'
Using monoOptions --debugger-agent=transport=dt_socket,embedding=1,server=y,suspend=n,address=127.0.0.1:56164
Begin MonoManager ReloadAssembly
Registering precompiled unity dll's ...
Register platform support module: C:/Program Files/Unity/Hub/Editor/2022.3.12f1/Editor/Data/PlaybackEngines/WebGLSupport/UnityEditor.WebGL.Extensions.dll
Register platform support module: C:/Program Files/Unity/Hub/Editor/2022.3.12f1/Editor/Data/PlaybackEngines/AndroidPlayer/UnityEditor.Android.Extensions.dll
Register platform support module: C:/Program Files/Unity/Hub/Editor/2022.3.12f1/Editor/Data/PlaybackEngines/WindowsStandaloneSupport/UnityEditor.WindowsStandalone.Extensions.dll
Registered in 0.007115 seconds.
- Loaded All Assemblies, in  0.322 seconds
Native extension for WindowsStandalone target not found
Native extension for Android target not found
Android Extension - Scanning For ADB Devices 223 ms
Native extension for WebGL target not found
Mono: successfully reloaded assembly
- Finished resetting the current domain, in  0.509 seconds
Domain Reload Profiling: 830ms
	BeginReloadAssembly (96ms)
		ExecutionOrderSort (0ms)
		DisableScriptedObjects (0ms)
		BackupInstance (0ms)
		ReleaseScriptingObjects (0ms)
		CreateAndSetChildDomain (1ms)
	RebuildCommonClasses (33ms)
	RebuildNativeTypeToScriptingClass (8ms)
	initialDomainReloadingComplete (51ms)
	LoadAllAssembliesAndSetupDomain (133ms)
		LoadAssemblies (95ms)
		RebuildTransferFunctionScriptingTraits (0ms)
		AnalyzeDomain (130ms)
			TypeCache.Refresh (129ms)
				TypeCache.ScanAssembly (115ms)
			ScanForSourceGeneratedMonoScriptInfo (0ms)
			ResolveRequiredComponents (0ms)
	FinalizeReload (509ms)
		ReleaseScriptCaches (0ms)
		RebuildScriptCaches (0ms)
		SetupLoadedEditorAssemblies (455ms)
			LogAssemblyErrors (0ms)
			InitializePlatformSupportModulesInManaged (317ms)
			SetLoadedEditorAssemblies (4ms)
			RefreshPlugins (0ms)
			BeforeProcessingInitializeOnLoad (2ms)
			ProcessInitializeOnLoadAttributes (92ms)
			ProcessInitializeOnLoadMethodAttributes (40ms)
			AfterProcessingInitializeOnLoad (0ms)
			EditorAssembliesLoaded (0ms)
		ExecutionOrderSort2 (0ms)
		AwakeInstancesAfterBackupRestoration (0ms)
========================================================================
Worker process is ready to serve import requests
Begin MonoManager ReloadAssembly
- Loaded All Assemblies, in  0.554 seconds
Refreshing native plugins compatible for Editor in 1.69 ms, found 3 plugins.
Native extension for WindowsStandalone target not found
Native extension for Android target not found
Native extension for WebGL target not found
Package Manager log level set to [2]
[Package Manager] Server::EnsureServerProcessIsRunning -- launch failed, reason: Unity was launched with the -noUpm command-line argument
[Package Manager] UpmClient::Send -- Unable to send message (not connected to UPM process).
[Package Manager] Cannot connect to Unity Package Manager local server
Mono: successfully reloaded assembly
- Finished resetting the current domain, in  0.491 seconds
Domain Reload Profiling: 1045ms
	BeginReloadAssembly (133ms)
		ExecutionOrderSort (0ms)
		DisableScriptedObjects (5ms)
		BackupInstance (0ms)
		ReleaseScriptingObjects (0ms)
		CreateAndSetChildDomain (20ms)
	RebuildCommonClasses (31ms)
	RebuildNativeTypeToScriptingClass (8ms)
	initialDomainReloadingComplete (35ms)
	LoadAllAssembliesAndSetupDomain (345ms)
		LoadAssemblies (263ms)
		RebuildTransferFunctionScriptingTraits (0ms)
		AnalyzeDomain (163ms)
			TypeCache.Refresh (145ms)
				TypeCache.ScanAssembly (129ms)
			ScanForSourceGeneratedMonoScriptInfo (13ms)
			ResolveRequiredComponents (4ms)
	FinalizeReload (491ms)
		ReleaseScriptCaches (0ms)
		RebuildScriptCaches (0ms)
		SetupLoadedEditorAssemblies (362ms)
			LogAssemblyErrors (0ms)
			InitializePlatformSupportModulesInManaged (24ms)
			SetLoadedEditorAssemblies (4ms)
			RefreshPlugins (0ms)
			BeforeProcessingInitializeOnLoad (52ms)
			ProcessInitializeOnLoadAttributes (257ms)
			ProcessInitializeOnLoadMethodAttributes (19ms)
			AfterProcessingInitializeOnLoad (5ms)
			EditorAssembliesLoaded (0ms)
		ExecutionOrderSort2 (0ms)
		AwakeInstancesAfterBackupRestoration (7ms)
Launched and connected shader compiler UnityShaderCompiler.exe after 0.04 seconds
Refreshing native plugins compatible for Editor in 2.15 ms, found 3 plugins.
Preloading 0 native plugins for Editor in 0.00 ms.
Unloading 3098 Unused Serialized files (Serialized files now loaded: 0)
Unloading 32 unused Assets / (57.0 KB). Loaded Objects now: 3566.
Memory consumption went from 131.5 MB to 131.4 MB.
Total: 3.193800 ms (FindLiveObjects: 0.295600 ms CreateObjectMapping: 0.270700 ms MarkObjects: 2.491900 ms  DeleteObjects: 0.134500 ms)

AssetImportParameters requested are different than current active one (requested -> active):
  custom:container-demuxer-ogg: 62fdf1f143b41e24485cea50d1cbac27 -> 
  custom:video-decoder-ogg-theora: a1e56fd34408186e4bbccfd4996cb3dc -> 
  custom:framework-win-MediaFoundation: 216162199b28c13a410421893ffa2e32 -> 
  custom:CustomObjectIndexerAttribute: 756ad292c208cfabdd7b50bc23989ffe -> 
  custom:container-demuxer-webm: 4f35f7cbe854078d1ac9338744f61a02 -> 
  custom:container-muxer-webm: aa71ff27fc2769a1b78a27578f13a17b -> 
  custom:video-decoder-webm-vp8: 9c59270c3fd7afecdb556c50c9e8de78 -> 
  custom:SearchIndexIgnoredProperties: e643bd26f0fe6173181afceb89e7c659 -> 
  custom:AudioImporter_EditorPlatform: d09bf68614088b80899f8185d706f6e7 -> 
  custom:video-encoder-webm-vp8: eb34c28f22e8b96e1ab97ce403110664 -> 
  custom:audio-decoder-ogg-vorbis: bf7c407c2cedff20999df2af8eb42d56 -> 
  custom:audio-encoder-webm-vorbis: bf7c407c2cedff20999df2af8eb42d56 -> 
========================================================================
Received Import Request.
  Time since last request: 52009.554044 seconds.
  path: Assets/LowpolyStyle/Desert/2_Textures/LUT.png
  artifactKey: Guid(332a395dff462b4459740ff02ab7d8eb) Importer(815301076,1909f56bfc062723c751e8b465ee728b)
Start importing Assets/LowpolyStyle/Desert/2_Textures/LUT.png using Guid(332a395dff462b4459740ff02ab7d8eb) Importer(815301076,1909f56bfc062723c751e8b465ee728b)  -> (artifact id: '4da726f891dc96b1af9f3d64596280da') in 0.054398 seconds
Number of updated asset objects reloaded before import = 0
Number of asset objects unloaded after import = 2
========================================================================
Received Import Request.
  Time since last request: 3.654053 seconds.
  path: Assets/LowpolyStyle/Desert/1_FBX/Materials
  artifactKey: Guid(4ee32dda8d101774889ff859ac86d84f) Importer(815301076,1909f56bfc062723c751e8b465ee728b)
Start importing Assets/LowpolyStyle/Desert/1_FBX/Materials using Guid(4ee32dda8d101774889ff859ac86d84f) Importer(815301076,1909f56bfc062723c751e8b465ee728b)  -> (artifact id: '36d309981a7862cb7032b16ec3ce28ec') in 1.529662 seconds
Number of updated asset objects reloaded before import = 0
Number of asset objects unloaded after import = 0
========================================================================
Received Import Request.
  Time since last request: 0.012915 seconds.
  path: Assets/LowpolyStyle/Desert/1_FBX/Materials/lambert1.mat
  artifactKey: Guid(c037ef496d80c6c4089d13d66db53ebf) Importer(815301076,1909f56bfc062723c751e8b465ee728b)
Start importing Assets/LowpolyStyle/Desert/1_FBX/Materials/lambert1.mat using Guid(c037ef496d80c6c4089d13d66db53ebf) Importer(815301076,1909f56bfc062723c751e8b465ee728b)  -> (artifact id: '57f7e86b41cde4f34be71e0f25c09ccd') in 0.047627 seconds
Number of updated asset objects reloaded before import = 0
Number of asset objects unloaded after import = 1
========================================================================
Received Import Request.
  Time since last request: 41.901800 seconds.
  path: Assets/Lowpoly Style/ForestPack/Prefabs
  artifactKey: Guid(3cc02ede7de1e9b44b9935073e8c7d06) Importer(815301076,1909f56bfc062723c751e8b465ee728b)
Start importing Assets/Lowpoly Style/ForestPack/Prefabs using Guid(3cc02ede7de1e9b44b9935073e8c7d06) Importer(815301076,1909f56bfc062723c751e8b465ee728b)  -> (artifact id: '80406c0ae89db45e8008af98810f077e') in 0.953655 seconds
Number of updated asset objects reloaded before import = 0
Number of asset objects unloaded after import = 0
========================================================================
Received Import Request.
  Time since last request: 0.000051 seconds.
  path: Assets/Lowpoly Style/ForestPack/Prefabs/HangingBridge.prefab
  artifactKey: Guid(b3359a8d43e26ad4cb5971dea869bbe4) Importer(815301076,1909f56bfc062723c751e8b465ee728b)
Start importing Assets/Lowpoly Style/ForestPack/Prefabs/HangingBridge.prefab using Guid(b3359a8d43e26ad4cb5971dea869bbe4) Importer(815301076,1909f56bfc062723c751e8b465ee728b)  -> (artifact id: '83b8b435382d2914fd048bccb8f7c460') in 0.029316 seconds
Number of updated asset objects reloaded before import = 0
Number of asset objects unloaded after import = 10
========================================================================
Received Import Request.
  Time since last request: 0.000027 seconds.
  path: Assets/Lowpoly Style/ForestPack/Prefabs/TreeTrunk1.prefab
  artifactKey: Guid(a1653dca631714641aa1bb00d0f9a774) Importer(815301076,1909f56bfc062723c751e8b465ee728b)
Start importing Assets/Lowpoly Style/ForestPack/Prefabs/TreeTrunk1.prefab using Guid(a1653dca631714641aa1bb00d0f9a774) Importer(815301076,1909f56bfc062723c751e8b465ee728b)  -> (artifact id: 'fd9b9b74b8f0c17df16b3bb808ba9952') in 0.014222 seconds
Number of updated asset objects reloaded before import = 0
Number of asset objects unloaded after import = 10
========================================================================
Received Import Request.
  Time since last request: 0.000015 seconds.
  path: Assets/Lowpoly Style/ForestPack/Prefabs/Conifer_Proxy.prefab
  artifactKey: Guid(d75f32ad1b2a5904b933319a60c94cf9) Importer(815301076,1909f56bfc062723c751e8b465ee728b)
Start importing Assets/Lowpoly Style/ForestPack/Prefabs/Conifer_Proxy.prefab using Guid(d75f32ad1b2a5904b933319a60c94cf9) Importer(815301076,1909f56bfc062723c751e8b465ee728b)  -> (artifact id: '09eb405dd7d62ddb1708b541ee3b3c8f') in 0.014513 seconds
Number of updated asset objects reloaded before import = 0
Number of asset objects unloaded after import = 9
========================================================================
Received Import Request.
  Time since last request: 0.000014 seconds.
  path: Assets/Lowpoly Style/ForestPack/Prefabs/Mushrooms.prefab
  artifactKey: Guid(80a058a220ca402439f4cb98c421847b) Importer(815301076,1909f56bfc062723c751e8b465ee728b)
Start importing Assets/Lowpoly Style/ForestPack/Prefabs/Mushrooms.prefab using Guid(80a058a220ca402439f4cb98c421847b) Importer(815301076,1909f56bfc062723c751e8b465ee728b)  -> (artifact id: 'c18e4c91df94860a4f10c5fbf69542c4') in 0.013733 seconds
Number of updated asset objects reloaded before import = 0
Number of asset objects unloaded after import = 9
========================================================================
Received Import Request.
  Time since last request: 0.000015 seconds.
  path: Assets/Lowpoly Style/ForestPack/Prefabs/TreeDead2.prefab
  artifactKey: Guid(7409cb2d34ac40f4380be257c958fe5e) Importer(815301076,1909f56bfc062723c751e8b465ee728b)
Start importing Assets/Lowpoly Style/ForestPack/Prefabs/TreeDead2.prefab using Guid(7409cb2d34ac40f4380be257c958fe5e) Importer(815301076,1909f56bfc062723c751e8b465ee728b)  -> (artifact id: '3571312b700d2aa02a604a84cc67e259') in 0.013575 seconds
Number of updated asset objects reloaded before import = 0
Number of asset objects unloaded after import = 12
========================================================================
Received Import Request.
  Time since last request: 0.000013 seconds.
  path: Assets/Lowpoly Style/ForestPack/Prefabs/TreeDead1.prefab
  artifactKey: Guid(63f03ab865b4a4f41918da8dc3287175) Importer(815301076,1909f56bfc062723c751e8b465ee728b)
Start importing Assets/Lowpoly Style/ForestPack/Prefabs/TreeDead1.prefab using Guid(63f03ab865b4a4f41918da8dc3287175) Importer(815301076,1909f56bfc062723c751e8b465ee728b)  -> (artifact id: '27810f10059c6331fccb5af3f3cf8fab') in 0.012838 seconds
Number of updated asset objects reloaded before import = 0
Number of asset objects unloaded after import = 11
========================================================================
Received Import Request.
  Time since last request: 0.000013 seconds.
  path: Assets/Lowpoly Style/ForestPack/Prefabs/WaterLilies.prefab
  artifactKey: Guid(4c94ce1d5c332ef4d8209647bc2dab08) Importer(815301076,1909f56bfc062723c751e8b465ee728b)
Start importing Assets/Lowpoly Style/ForestPack/Prefabs/WaterLilies.prefab using Guid(4c94ce1d5c332ef4d8209647bc2dab08) Importer(815301076,1909f56bfc062723c751e8b465ee728b)  -> (artifact id: '0d1e6ad582bd14b2e0424b7292d02cac') in 0.015404 seconds
Number of updated asset objects reloaded before import = 0
Number of asset objects unloaded after import = 9
========================================================================
Received Import Request.
  Time since last request: 0.000014 seconds.
  path: Assets/Lowpoly Style/ForestPack/Prefabs/Conifer2_Distant.prefab
  artifactKey: Guid(a63c539d4a2a1824fbc5018158426484) Importer(815301076,1909f56bfc062723c751e8b465ee728b)
Start importing Assets/Lowpoly Style/ForestPack/Prefabs/Conifer2_Distant.prefab using Guid(a63c539d4a2a1824fbc5018158426484) Importer(815301076,1909f56bfc062723c751e8b465ee728b)  -> (artifact id: 'adef4b6b8b4a8254dbf36e91a26d432f') in 0.014744 seconds
Number of updated asset objects reloaded before import = 0
Number of asset objects unloaded after import = 10
========================================================================
Received Import Request.
  Time since last request: 0.000037 seconds.
  path: Assets/Lowpoly Style/ForestPack/Prefabs/Tree2.prefab
  artifactKey: Guid(71b083a0cf9ea6043871c9e333764617) Importer(815301076,1909f56bfc062723c751e8b465ee728b)
Start importing Assets/Lowpoly Style/ForestPack/Prefabs/Tree2.prefab using Guid(71b083a0cf9ea6043871c9e333764617) Importer(815301076,1909f56bfc062723c751e8b465ee728b)  -> (artifact id: 'f5cdb532f69dc9ed77656b03b4e19c1e') in 0.012886 seconds
Number of updated asset objects reloaded before import = 0
Number of asset objects unloaded after import = 10
========================================================================
Received Import Request.
  Time since last request: 0.000022 seconds.
  path: Assets/Lowpoly Style/ForestPack/Prefabs/Tree1.prefab
  artifactKey: Guid(e035975c34c2a834681e407ca0605802) Importer(815301076,1909f56bfc062723c751e8b465ee728b)
Start importing Assets/Lowpoly Style/ForestPack/Prefabs/Tree1.prefab using Guid(e035975c34c2a834681e407ca0605802) Importer(815301076,1909f56bfc062723c751e8b465ee728b)  -> (artifact id: '0df300e0ab13082a163daac26d7a2c78') in 0.016630 seconds
Number of updated asset objects reloaded before import = 0
Number of asset objects unloaded after import = 10
========================================================================
Received Import Request.
  Time since last request: 0.000017 seconds.
  path: Assets/Lowpoly Style/ForestPack/Prefabs/Ladder.prefab
  artifactKey: Guid(af037777d89b8c040b5f6c3c04568c7e) Importer(815301076,1909f56bfc062723c751e8b465ee728b)
Start importing Assets/Lowpoly Style/ForestPack/Prefabs/Ladder.prefab using Guid(af037777d89b8c040b5f6c3c04568c7e) Importer(815301076,1909f56bfc062723c751e8b465ee728b)  -> (artifact id: '290818b16248e3a6f67e76d7e831dd4e') in 0.016346 seconds
Number of updated asset objects reloaded before import = 0
Number of asset objects unloaded after import = 10
========================================================================
Received Import Request.
  Time since last request: 0.000021 seconds.
  path: Assets/Lowpoly Style/ForestPack/Prefabs/WoodenWalkway.prefab
  artifactKey: Guid(37959fcc174a554468158ae1d71189b0) Importer(815301076,1909f56bfc062723c751e8b465ee728b)
Start importing Assets/Lowpoly Style/ForestPack/Prefabs/WoodenWalkway.prefab using Guid(37959fcc174a554468158ae1d71189b0) Importer(815301076,1909f56bfc062723c751e8b465ee728b)  -> (artifact id: '160ba914c6853564987d1107fcee09a8') in 0.014327 seconds
Number of updated asset objects reloaded before import = 0
Number of asset objects unloaded after import = 12
========================================================================
Received Import Request.
  Time since last request: 0.000016 seconds.
  path: Assets/Lowpoly Style/ForestPack/Prefabs/Bush2.prefab
  artifactKey: Guid(578b79da386ab7d4fa2a018ea2019638) Importer(815301076,1909f56bfc062723c751e8b465ee728b)
Start importing Assets/Lowpoly Style/ForestPack/Prefabs/Bush2.prefab using Guid(578b79da386ab7d4fa2a018ea2019638) Importer(815301076,1909f56bfc062723c751e8b465ee728b)  -> (artifact id: 'c2601c868ddfc8077abaadb7fc42310d') in 0.015057 seconds
Number of updated asset objects reloaded before import = 0
Number of asset objects unloaded after import = 10
========================================================================
Received Import Request.
  Time since last request: 0.000022 seconds.
  path: Assets/Lowpoly Style/ForestPack/Prefabs/DistantBackgroundMountains.prefab
  artifactKey: Guid(b2bb711bfd6ace548b67c0a89694d295) Importer(815301076,1909f56bfc062723c751e8b465ee728b)
Start importing Assets/Lowpoly Style/ForestPack/Prefabs/DistantBackgroundMountains.prefab using Guid(b2bb711bfd6ace548b67c0a89694d295) Importer(815301076,1909f56bfc062723c751e8b465ee728b)  -> (artifact id: 'e4b52991563b4a12f49665df4aa76951') in 0.015954 seconds
Number of updated asset objects reloaded before import = 0
Number of asset objects unloaded after import = 9
========================================================================
Received Import Request.
  Time since last request: 0.000019 seconds.
  path: Assets/Lowpoly Style/ForestPack/Prefabs/Conifer1_Low.prefab
  artifactKey: Guid(f071f93f5b6e6724c9c07a5c0254a973) Importer(815301076,1909f56bfc062723c751e8b465ee728b)
Start importing Assets/Lowpoly Style/ForestPack/Prefabs/Conifer1_Low.prefab using Guid(f071f93f5b6e6724c9c07a5c0254a973) Importer(815301076,1909f56bfc062723c751e8b465ee728b)  -> (artifact id: 'aba3cd81d904e288604d9f8a29fee4f0') in 0.015565 seconds
Number of updated asset objects reloaded before import = 0
Number of asset objects unloaded after import = 10
========================================================================
Received Import Request.
  Time since last request: 0.000016 seconds.
  path: Assets/Lowpoly Style/ForestPack/Prefabs/MushroomsYellow.prefab
  artifactKey: Guid(fb06958f2215c4f43964cc3b9d383d15) Importer(815301076,1909f56bfc062723c751e8b465ee728b)
Start importing Assets/Lowpoly Style/ForestPack/Prefabs/MushroomsYellow.prefab using Guid(fb06958f2215c4f43964cc3b9d383d15) Importer(815301076,1909f56bfc062723c751e8b465ee728b)  -> (artifact id: '49e5509746fa03b3d10c3647be0cd694') in 0.012863 seconds
Number of updated asset objects reloaded before import = 0
Number of asset objects unloaded after import = 10
Editor requested this worker to shutdown with reason: Scaling down because of idle timeout
TcpMessagingSession - receive error: operation aborted. errorcode: 995, details: La operación de E/S se anuló por una salida de subproceso o por una solicitud de aplicación.
AssetImportWorker is now disconnected from the server
Process exiting
Exiting without the bug reporter. Application will terminate with return code 0